Determining if the pthread_create exist failed with the following output:
Change Dir: /home/bspetersson/Documents/P5_Lego_Throwing_Robot/Code/Lego-Throwing-Robot/main_ws/build/CMakeFiles/CMakeTmp

Run Build Command:"/usr/bin/make" "cmTC_6ae25/fast"
/usr/bin/make -f CMakeFiles/cmTC_6ae25.dir/build.make CMakeFiles/cmTC_6ae25.dir/build
make[1]: Entering directory '/home/bspetersson/Documents/P5_Lego_Throwing_Robot/Code/Lego-Throwing-Robot/main_ws/build/CMakeFiles/CMakeTmp'
Building C object CMakeFiles/cmTC_6ae25.dir/CheckSymbolExists.c.o
/usr/bin/cc    -o CMakeFiles/cmTC_6ae25.dir/CheckSymbolExists.c.o   -c /home/bspetersson/Documents/P5_Lego_Throwing_Robot/Code/Lego-Throwing-Robot/main_ws/build/CMakeFiles/CMakeTmp/CheckSymbolExists.c
Linking C executable cmTC_6ae25
/usr/bin/cmake -E cmake_link_script CMakeFiles/cmTC_6ae25.dir/link.txt --verbose=1
/usr/bin/cc      -rdynamic CMakeFiles/cmTC_6ae25.dir/CheckSymbolExists.c.o  -o cmTC_6ae25 
CMakeFiles/cmTC_6ae25.dir/CheckSymbolExists.c.o: In function `main':
CheckSymbolExists.c:(.text+0x1b): undefined reference to `pthread_create'
collect2: error: ld returned 1 exit status
CMakeFiles/cmTC_6ae25.dir/build.make:97: recipe for target 'cmTC_6ae25' failed
make[1]: *** [cmTC_6ae25] Error 1
make[1]: Leaving directory '/home/bspetersson/Documents/P5_Lego_Throwing_Robot/Code/Lego-Throwing-Robot/main_ws/build/CMakeFiles/CMakeTmp'
Makefile:126: recipe for target 'cmTC_6ae25/fast' failed
make: *** [cmTC_6ae25/fast] Error 2

File /home/bspetersson/Documents/P5_Lego_Throwing_Robot/Code/Lego-Throwing-Robot/main_ws/build/CMakeFiles/CMakeTmp/CheckSymbolExists.c:
/* */
#include <pthread.h>

int main(int argc, char** argv)
{
  (void)argv;
#ifndef pthread_create
  return ((int*)(&pthread_create))[argc];
#else
  (void)argc;
  return 0;
#endif
}

Determining if the function pthread_create exists in the pthreads failed with the following output:
Change Dir: /home/bspetersson/Documents/P5_Lego_Throwing_Robot/Code/Lego-Throwing-Robot/main_ws/build/CMakeFiles/CMakeTmp

Run Build Command:"/usr/bin/make" "cmTC_d739b/fast"
/usr/bin/make -f CMakeFiles/cmTC_d739b.dir/build.make CMakeFiles/cmTC_d739b.dir/build
make[1]: Entering directory '/home/bspetersson/Documents/P5_Lego_Throwing_Robot/Code/Lego-Throwing-Robot/main_ws/build/CMakeFiles/CMakeTmp'
Building C object CMakeFiles/cmTC_d739b.dir/CheckFunctionExists.c.o
/usr/bin/cc   -DCHECK_FUNCTION_EXISTS=pthread_create   -o CMakeFiles/cmTC_d739b.dir/CheckFunctionExists.c.o   -c /usr/share/cmake-3.10/Modules/CheckFunctionExists.c
Linking C executable cmTC_d739b
/usr/bin/cmake -E cmake_link_script CMakeFiles/cmTC_d739b.dir/link.txt --verbose=1
/usr/bin/cc  -DCHECK_FUNCTION_EXISTS=pthread_create    -rdynamic CMakeFiles/cmTC_d739b.dir/CheckFunctionExists.c.o  -o cmTC_d739b -lpthreads 
/usr/bin/ld: cannot find -lpthreads
collect2: error: ld returned 1 exit status
CMakeFiles/cmTC_d739b.dir/build.make:97: recipe for target 'cmTC_d739b' failed
make[1]: *** [cmTC_d739b] Error 1
make[1]: Leaving directory '/home/bspetersson/Documents/P5_Lego_Throwing_Robot/Code/Lego-Throwing-Robot/main_ws/build/CMakeFiles/CMakeTmp'
Makefile:126: recipe for target 'cmTC_d739b/fast' failed
make: *** [cmTC_d739b/fast] Error 2


